Installing dependencies...
Requirement already satisfied: pip in ./venv/lib/python3.12/site-packages (25.3)
Requirement already satisfied: requests in ./venv/lib/python3.12/site-packages (from -r requirements.txt (line 1)) (2.32.5)
Requirement already satisfied: mysql-connector-python in ./venv/lib/python3.12/site-packages (from -r requirements.txt (line 2)) (9.5.0)
Requirement already satisfied: charset_normalizer<4,>=2 in ./venv/lib/python3.12/site-packages (from requests->-r requirements.txt (line 1)) (3.4.4)
Requirement already satisfied: idna<4,>=2.5 in ./venv/lib/python3.12/site-packages (from requests->-r requirements.txt (line 1)) (3.11)
Requirement already satisfied: urllib3<3,>=1.21.1 in ./venv/lib/python3.12/site-packages (from requests->-r requirements.txt (line 1)) (2.5.0)
Requirement already satisfied: certifi>=2017.4.17 in ./venv/lib/python3.12/site-packages (from requests->-r requirements.txt (line 1)) (2025.11.12)
Running fetch_weather.py...
Data saved: Helsinki -3.78°C broken clouds
Done!
Installing dependencies...
Requirement already satisfied: pip in ./venv/lib/python3.12/site-packages (25.3)
Requirement already satisfied: requests in ./venv/lib/python3.12/site-packages (from -r requirements.txt (line 1)) (2.32.5)
Requirement already satisfied: mysql-connector-python in ./venv/lib/python3.12/site-packages (from -r requirements.txt (line 2)) (9.5.0)
Requirement already satisfied: charset_normalizer<4,>=2 in ./venv/lib/python3.12/site-packages (from requests->-r requirements.txt (line 1)) (3.4.4)
Requirement already satisfied: idna<4,>=2.5 in ./venv/lib/python3.12/site-packages (from requests->-r requirements.txt (line 1)) (3.11)
Requirement already satisfied: urllib3<3,>=1.21.1 in ./venv/lib/python3.12/site-packages (from requests->-r requirements.txt (line 1)) (2.5.0)
Requirement already satisfied: certifi>=2017.4.17 in ./venv/lib/python3.12/site-packages (from requests->-r requirements.txt (line 1)) (2025.11.12)
Running fetch_weather.py...
Data saved: Helsinki -4.12°C clear sky
Done!
Installing dependencies...
Requirement already satisfied: pip in ./venv/lib/python3.12/site-packages (25.3)
Requirement already satisfied: requests in ./venv/lib/python3.12/site-packages (from -r requirements.txt (line 1)) (2.32.5)
Requirement already satisfied: mysql-connector-python in ./venv/lib/python3.12/site-packages (from -r requirements.txt (line 2)) (9.5.0)
Requirement already satisfied: charset_normalizer<4,>=2 in ./venv/lib/python3.12/site-packages (from requests->-r requirements.txt (line 1)) (3.4.4)
Requirement already satisfied: idna<4,>=2.5 in ./venv/lib/python3.12/site-packages (from requests->-r requirements.txt (line 1)) (3.11)
Requirement already satisfied: urllib3<3,>=1.21.1 in ./venv/lib/python3.12/site-packages (from requests->-r requirements.txt (line 1)) (2.5.0)
Requirement already satisfied: certifi>=2017.4.17 in ./venv/lib/python3.12/site-packages (from requests->-r requirements.txt (line 1)) (2025.11.12)
Running fetch_weather.py...
Data saved: Helsinki -4.15°C broken clouds
Done!
Installing dependencies...
Requirement already satisfied: pip in ./venv/lib/python3.12/site-packages (25.3)
Requirement already satisfied: requests in ./venv/lib/python3.12/site-packages (from -r requirements.txt (line 1)) (2.32.5)
Requirement already satisfied: mysql-connector-python in ./venv/lib/python3.12/site-packages (from -r requirements.txt (line 2)) (9.5.0)
Requirement already satisfied: charset_normalizer<4,>=2 in ./venv/lib/python3.12/site-packages (from requests->-r requirements.txt (line 1)) (3.4.4)
Requirement already satisfied: idna<4,>=2.5 in ./venv/lib/python3.12/site-packages (from requests->-r requirements.txt (line 1)) (3.11)
Requirement already satisfied: urllib3<3,>=1.21.1 in ./venv/lib/python3.12/site-packages (from requests->-r requirements.txt (line 1)) (2.5.0)
Requirement already satisfied: certifi>=2017.4.17 in ./venv/lib/python3.12/site-packages (from requests->-r requirements.txt (line 1)) (2025.11.12)
Running fetch_weather.py...
Data saved: Helsinki -4.32°C broken clouds
Done!
Installing dependencies...
Requirement already satisfied: pip in ./venv/lib/python3.12/site-packages (25.3)
Requirement already satisfied: requests in ./venv/lib/python3.12/site-packages (from -r requirements.txt (line 1)) (2.32.5)
Requirement already satisfied: mysql-connector-python in ./venv/lib/python3.12/site-packages (from -r requirements.txt (line 2)) (9.5.0)
Requirement already satisfied: charset_normalizer<4,>=2 in ./venv/lib/python3.12/site-packages (from requests->-r requirements.txt (line 1)) (3.4.4)
Requirement already satisfied: idna<4,>=2.5 in ./venv/lib/python3.12/site-packages (from requests->-r requirements.txt (line 1)) (3.11)
Requirement already satisfied: urllib3<3,>=1.21.1 in ./venv/lib/python3.12/site-packages (from requests->-r requirements.txt (line 1)) (2.5.0)
Requirement already satisfied: certifi>=2017.4.17 in ./venv/lib/python3.12/site-packages (from requests->-r requirements.txt (line 1)) (2025.11.12)
Running fetch_weather.py...
Data saved: Helsinki -4.33°C broken clouds
Done!
